[0.181s] DEBUG:colcon:Command line arguments: ['/usr/bin/colcon', 'build', '--packages-select', 'spacehabsim']
[0.181s] DEBUG:colcon:Parsed command line arguments: Namespace(log_base=None, log_level=None, verb_name='build', build_base='build', install_base='install', merge_install=False, symlink_install=False, test_result_base=None, continue_on_error=False, executor='parallel', parallel_workers=8, event_handlers=None, ignore_user_meta=False, metas=['./colcon.meta'], base_paths=['.'], packages_ignore=None, packages_ignore_regex=None, paths=None, packages_up_to=None, packages_up_to_regex=None, packages_above=None, packages_above_and_dependencies=None, packages_above_depth=None, packages_select_by_dep=None, packages_skip_by_dep=None, packages_skip_up_to=None, packages_select_build_failed=False, packages_skip_build_finished=False, packages_select_test_failures=False, packages_skip_test_passed=False, packages_select=['spacehabsim'], packages_skip=None, packages_select_regex=None, packages_skip_regex=None, packages_start=None, packages_end=None, allow_overriding=[], cmake_args=None, cmake_target=None, cmake_target_skip_unavailable=False, cmake_clean_cache=False, cmake_clean_first=False, cmake_force_configure=False, ament_cmake_args=None, catkin_cmake_args=None, catkin_skip_building_tests=False, mixin_files=None, mixin=None, verb_parser=<colcon_mixin.mixin.mixin_argument.MixinArgumentDecorator object at 0x7e2b9a784df0>, verb_extension=<colcon_core.verb.build.BuildVerb object at 0x7e2b9a784910>, main=<bound method BuildVerb.main of <colcon_core.verb.build.BuildVerb object at 0x7e2b9a784910>>, mixin_verb=('build',))
[0.484s] Level 1:colcon.colcon_core.package_discovery:discover_packages(colcon_meta) check parameters
[0.485s] Level 1:colcon.colcon_core.package_discovery:discover_packages(recursive) check parameters
[0.485s] Level 1:colcon.colcon_core.package_discovery:discover_packages(ignore) check parameters
[0.485s] Level 1:colcon.colcon_core.package_discovery:discover_packages(path) check parameters
[0.485s] Level 1:colcon.colcon_core.package_discovery:discover_packages(colcon_meta) discover
[0.485s] Level 1:colcon.colcon_core.package_discovery:discover_packages(recursive) discover
[0.485s] INFO:colcon.colcon_core.package_discovery:Crawling recursively for packages in '/home/tammer/pyrobosim_ws/src/spacehabsim'
[0.485s] Level 1:colcon.colcon_core.package_identification:_identify(.) by extensions ['ignore', 'ignore_ament_install']
[0.485s] Level 1:colcon.colcon_core.package_identification:_identify(.) by extension 'ignore'
[0.485s] Level 1:colcon.colcon_core.package_identification:_identify(.) by extension 'ignore_ament_install'
[0.485s] Level 1:colcon.colcon_core.package_identification:_identify(.) by extensions ['colcon_pkg']
[0.485s] Level 1:colcon.colcon_core.package_identification:_identify(.) by extension 'colcon_pkg'
[0.485s] Level 1:colcon.colcon_core.package_identification:_identify(.) by extensions ['colcon_meta']
[0.486s] Level 1:colcon.colcon_core.package_identification:_identify(.) by extension 'colcon_meta'
[0.486s] Level 1:colcon.colcon_core.package_identification:_identify(.) by extensions ['ros']
[0.486s] Level 1:colcon.colcon_core.package_identification:_identify(.) by extension 'ros'
[0.516s] DEBUG:colcon.colcon_core.package_identification:Package '.' with type 'ros.ament_python' and name 'spacehabsim'
[0.516s] Level 1:colcon.colcon_core.package_discovery:discover_packages(recursive) using defaults
[0.516s] Level 1:colcon.colcon_core.package_discovery:discover_packages(ignore) discover
[0.516s] Level 1:colcon.colcon_core.package_discovery:discover_packages(ignore) using defaults
[0.516s] Level 1:colcon.colcon_core.package_discovery:discover_packages(path) discover
[0.517s] Level 1:colcon.colcon_core.package_discovery:discover_packages(path) using defaults
[0.537s] Level 1:colcon.colcon_core.package_discovery:discover_packages(prefix_path) check parameters
[0.537s] Level 1:colcon.colcon_core.package_discovery:discover_packages(prefix_path) discover
[0.542s] DEBUG:colcon.colcon_installed_package_information.package_discovery:Found 3 installed packages in /home/tammer/pyrobosim_ws/install
[0.544s] DEBUG:colcon.colcon_installed_package_information.package_discovery:Found 399 installed packages in /opt/ros/humble
[0.546s] Level 1:colcon.colcon_core.package_discovery:discover_packages(prefix_path) using defaults
[0.613s] Level 5:colcon.colcon_core.verb:set package 'spacehabsim' build argument 'cmake_args' from command line to 'None'
[0.613s] Level 5:colcon.colcon_core.verb:set package 'spacehabsim' build argument 'cmake_target' from command line to 'None'
[0.613s] Level 5:colcon.colcon_core.verb:set package 'spacehabsim' build argument 'cmake_target_skip_unavailable' from command line to 'False'
[0.613s] Level 5:colcon.colcon_core.verb:set package 'spacehabsim' build argument 'cmake_clean_cache' from command line to 'False'
[0.614s] Level 5:colcon.colcon_core.verb:set package 'spacehabsim' build argument 'cmake_clean_first' from command line to 'False'
[0.614s] Level 5:colcon.colcon_core.verb:set package 'spacehabsim' build argument 'cmake_force_configure' from command line to 'False'
[0.614s] Level 5:colcon.colcon_core.verb:set package 'spacehabsim' build argument 'ament_cmake_args' from command line to 'None'
[0.614s] Level 5:colcon.colcon_core.verb:set package 'spacehabsim' build argument 'catkin_cmake_args' from command line to 'None'
[0.614s] Level 5:colcon.colcon_core.verb:set package 'spacehabsim' build argument 'catkin_skip_building_tests' from command line to 'False'
[0.614s] DEBUG:colcon.colcon_core.verb:Building package 'spacehabsim' with the following arguments: {'ament_cmake_args': None, 'build_base': '/home/tammer/pyrobosim_ws/src/spacehabsim/build/spacehabsim', 'catkin_cmake_args': None, 'catkin_skip_building_tests': False, 'cmake_args': None, 'cmake_clean_cache': False, 'cmake_clean_first': False, 'cmake_force_configure': False, 'cmake_target': None, 'cmake_target_skip_unavailable': False, 'install_base': '/home/tammer/pyrobosim_ws/src/spacehabsim/install/spacehabsim', 'merge_install': False, 'path': '/home/tammer/pyrobosim_ws/src/spacehabsim', 'symlink_install': False, 'test_result_base': None}
[0.614s] INFO:colcon.colcon_core.executor:Executing jobs using 'parallel' executor
[0.615s] DEBUG:colcon.colcon_parallel_executor.executor.parallel:run_until_complete
[0.615s] INFO:colcon.colcon_ros.task.ament_python.build:Building ROS package in '/home/tammer/pyrobosim_ws/src/spacehabsim' with build type 'ament_python'
[0.615s] Level 1:colcon.colcon_core.shell:create_environment_hook('spacehabsim', 'ament_prefix_path')
[0.619s] INFO:colcon.colcon_core.plugin_system:Skipping extension 'colcon_core.shell.bat': Not used on non-Windows systems
[0.619s] INFO:colcon.colcon_core.shell:Creating environment hook '/home/tammer/pyrobosim_ws/src/spacehabsim/install/spacehabsim/share/spacehabsim/hook/ament_prefix_path.ps1'
[0.620s] INFO:colcon.colcon_core.shell:Creating environment descriptor '/home/tammer/pyrobosim_ws/src/spacehabsim/install/spacehabsim/share/spacehabsim/hook/ament_prefix_path.dsv'
[0.621s] INFO:colcon.colcon_core.shell:Creating environment hook '/home/tammer/pyrobosim_ws/src/spacehabsim/install/spacehabsim/share/spacehabsim/hook/ament_prefix_path.sh'
[0.622s] INFO:colcon.colcon_core.shell:Skip shell extension 'powershell' for command environment: Not usable outside of PowerShell
[0.622s] DEBUG:colcon.colcon_core.shell:Skip shell extension 'dsv' for command environment
[1.077s] INFO:colcon.colcon_core.task.python.build:Building Python package in '/home/tammer/pyrobosim_ws/src/spacehabsim'
[1.077s] INFO:colcon.colcon_core.shell:Skip shell extension 'powershell' for command environment: Not usable outside of PowerShell
[1.077s] DEBUG:colcon.colcon_core.shell:Skip shell extension 'dsv' for command environment
[1.598s] DEBUG:colcon.colcon_core.event_handler.log_command:Invoking command in '/home/tammer/pyrobosim_ws/src/spacehabsim': PYTHONPATH=/home/tammer/pyrobosim_ws/src/spacehabsim/build/spacehabsim/prefix_override:/home/tammer/pyrobosim_ws/src/spacehabsim/install/spacehabsim/lib/python3.10/site-packages:${PYTHONPATH} /usr/bin/python3 -W ignore:setup.py install is deprecated setup.py egg_info --egg-base build/spacehabsim build --build-base /home/tammer/pyrobosim_ws/src/spacehabsim/build/spacehabsim/build install --record /home/tammer/pyrobosim_ws/src/spacehabsim/build/spacehabsim/install.log --single-version-externally-managed install_data
[2.050s] DEBUG:colcon.colcon_core.event_handler.log_command:Invoked command in '/home/tammer/pyrobosim_ws/src/spacehabsim' returned '0': PYTHONPATH=/home/tammer/pyrobosim_ws/src/spacehabsim/build/spacehabsim/prefix_override:/home/tammer/pyrobosim_ws/src/spacehabsim/install/spacehabsim/lib/python3.10/site-packages:${PYTHONPATH} /usr/bin/python3 -W ignore:setup.py install is deprecated setup.py egg_info --egg-base build/spacehabsim build --build-base /home/tammer/pyrobosim_ws/src/spacehabsim/build/spacehabsim/build install --record /home/tammer/pyrobosim_ws/src/spacehabsim/build/spacehabsim/install.log --single-version-externally-managed install_data
[2.057s] Level 1:colcon.colcon_core.environment:checking '/home/tammer/pyrobosim_ws/src/spacehabsim/install/spacehabsim' for CMake module files
[2.058s] Level 1:colcon.colcon_core.environment:checking '/home/tammer/pyrobosim_ws/src/spacehabsim/install/spacehabsim' for CMake config files
[2.059s] Level 1:colcon.colcon_core.environment:checking '/home/tammer/pyrobosim_ws/src/spacehabsim/install/spacehabsim/lib'
[2.060s] Level 1:colcon.colcon_core.environment:checking '/home/tammer/pyrobosim_ws/src/spacehabsim/install/spacehabsim/bin'
[2.060s] Level 1:colcon.colcon_core.environment:checking '/home/tammer/pyrobosim_ws/src/spacehabsim/install/spacehabsim/lib/pkgconfig/spacehabsim.pc'
[2.060s] Level 1:colcon.colcon_core.environment:checking '/home/tammer/pyrobosim_ws/src/spacehabsim/install/spacehabsim/lib/python3.10/site-packages'
[2.060s] Level 1:colcon.colcon_core.shell:create_environment_hook('spacehabsim', 'pythonpath')
[2.061s] INFO:colcon.colcon_core.shell:Creating environment hook '/home/tammer/pyrobosim_ws/src/spacehabsim/install/spacehabsim/share/spacehabsim/hook/pythonpath.ps1'
[2.061s] INFO:colcon.colcon_core.shell:Creating environment descriptor '/home/tammer/pyrobosim_ws/src/spacehabsim/install/spacehabsim/share/spacehabsim/hook/pythonpath.dsv'
[2.062s] INFO:colcon.colcon_core.shell:Creating environment hook '/home/tammer/pyrobosim_ws/src/spacehabsim/install/spacehabsim/share/spacehabsim/hook/pythonpath.sh'
[2.062s] Level 1:colcon.colcon_core.environment:checking '/home/tammer/pyrobosim_ws/src/spacehabsim/install/spacehabsim/bin'
[2.062s] Level 1:colcon.colcon_core.environment:create_environment_scripts_only(spacehabsim)
[2.063s] INFO:colcon.colcon_core.shell:Creating package script '/home/tammer/pyrobosim_ws/src/spacehabsim/install/spacehabsim/share/spacehabsim/package.ps1'
[2.064s] INFO:colcon.colcon_core.shell:Creating package descriptor '/home/tammer/pyrobosim_ws/src/spacehabsim/install/spacehabsim/share/spacehabsim/package.dsv'
[2.064s] INFO:colcon.colcon_core.shell:Creating package script '/home/tammer/pyrobosim_ws/src/spacehabsim/install/spacehabsim/share/spacehabsim/package.sh'
[2.065s] INFO:colcon.colcon_core.shell:Creating package script '/home/tammer/pyrobosim_ws/src/spacehabsim/install/spacehabsim/share/spacehabsim/package.bash'
[2.066s] INFO:colcon.colcon_core.shell:Creating package script '/home/tammer/pyrobosim_ws/src/spacehabsim/install/spacehabsim/share/spacehabsim/package.zsh'
[2.066s] Level 1:colcon.colcon_core.environment:create_file_with_runtime_dependencies(/home/tammer/pyrobosim_ws/src/spacehabsim/install/spacehabsim/share/colcon-core/packages/spacehabsim)
[2.067s] DEBUG:colcon.colcon_parallel_executor.executor.parallel:closing loop
[2.067s] DEBUG:colcon.colcon_parallel_executor.executor.parallel:loop closed
[2.067s] DEBUG:colcon.colcon_parallel_executor.executor.parallel:run_until_complete finished with '0'
[2.067s] DEBUG:colcon.colcon_core.event_reactor:joining thread
[2.076s] INFO:colcon.colcon_core.plugin_system:Skipping extension 'colcon_notification.desktop_notification.terminal_notifier': Not used on non-Darwin systems
[2.076s] INFO:colcon.colcon_core.plugin_system:Skipping extension 'colcon_notification.desktop_notification.win32': Not used on non-Windows systems
[2.076s] INFO:colcon.colcon_notification.desktop_notification:Sending desktop notification using 'notify2'
[2.092s] DEBUG:colcon.colcon_core.event_reactor:joined thread
[2.093s] INFO:colcon.colcon_core.shell:Creating prefix script '/home/tammer/pyrobosim_ws/src/spacehabsim/install/local_setup.ps1'
[2.094s] INFO:colcon.colcon_core.shell:Creating prefix util module '/home/tammer/pyrobosim_ws/src/spacehabsim/install/_local_setup_util_ps1.py'
[2.095s] INFO:colcon.colcon_core.shell:Creating prefix chain script '/home/tammer/pyrobosim_ws/src/spacehabsim/install/setup.ps1'
[2.097s] INFO:colcon.colcon_core.shell:Creating prefix script '/home/tammer/pyrobosim_ws/src/spacehabsim/install/local_setup.sh'
[2.097s] INFO:colcon.colcon_core.shell:Creating prefix util module '/home/tammer/pyrobosim_ws/src/spacehabsim/install/_local_setup_util_sh.py'
[2.098s] INFO:colcon.colcon_core.shell:Creating prefix chain script '/home/tammer/pyrobosim_ws/src/spacehabsim/install/setup.sh'
[2.099s] INFO:colcon.colcon_core.shell:Creating prefix script '/home/tammer/pyrobosim_ws/src/spacehabsim/install/local_setup.bash'
[2.100s] INFO:colcon.colcon_core.shell:Creating prefix chain script '/home/tammer/pyrobosim_ws/src/spacehabsim/install/setup.bash'
[2.101s] INFO:colcon.colcon_core.shell:Creating prefix script '/home/tammer/pyrobosim_ws/src/spacehabsim/install/local_setup.zsh'
[2.102s] INFO:colcon.colcon_core.shell:Creating prefix chain script '/home/tammer/pyrobosim_ws/src/spacehabsim/install/setup.zsh'
