[0.982s] Invoking command in '/home/tammer/pyrobosim_ws/src/spacehabsim': PYTHONPATH=/home/tammer/pyrobosim_ws/src/spacehabsim/build/spacehabsim/prefix_override:/home/tammer/pyrobosim_ws/src/spacehabsim/install/spacehabsim/lib/python3.10/site-packages:${PYTHONPATH} /usr/bin/python3 -W ignore:setup.py install is deprecated setup.py egg_info --egg-base build/spacehabsim build --build-base /home/tammer/pyrobosim_ws/src/spacehabsim/build/spacehabsim/build install --record /home/tammer/pyrobosim_ws/src/spacehabsim/build/spacehabsim/install.log --single-version-externally-managed install_data
[1.361s] running egg_info
[1.362s] writing build/spacehabsim/spacehabsim.egg-info/PKG-INFO
[1.362s] writing dependency_links to build/spacehabsim/spacehabsim.egg-info/dependency_links.txt
[1.362s] writing entry points to build/spacehabsim/spacehabsim.egg-info/entry_points.txt
[1.362s] writing requirements to build/spacehabsim/spacehabsim.egg-info/requires.txt
[1.362s] writing top-level names to build/spacehabsim/spacehabsim.egg-info/top_level.txt
[1.364s] reading manifest file 'build/spacehabsim/spacehabsim.egg-info/SOURCES.txt'
[1.365s] adding license file 'LICENSE'
[1.366s] writing manifest file 'build/spacehabsim/spacehabsim.egg-info/SOURCES.txt'
[1.366s] running build
[1.366s] running build_py
[1.366s] copying spacehabsim/spacehab.py -> /home/tammer/pyrobosim_ws/src/spacehabsim/build/spacehabsim/build/lib/spacehabsim
[1.367s] running install
[1.367s] running install_lib
[1.369s] copying /home/tammer/pyrobosim_ws/src/spacehabsim/build/spacehabsim/build/lib/spacehabsim/spacehab.py -> /home/tammer/pyrobosim_ws/src/spacehabsim/install/spacehabsim/lib/python3.10/site-packages/spacehabsim
[1.370s] byte-compiling /home/tammer/pyrobosim_ws/src/spacehabsim/install/spacehabsim/lib/python3.10/site-packages/spacehabsim/spacehab.py to spacehab.cpython-310.pyc
[1.371s] running install_data
[1.371s] running install_egg_info
[1.373s] removing '/home/tammer/pyrobosim_ws/src/spacehabsim/install/spacehabsim/lib/python3.10/site-packages/spacehabsim-0.0.0-py3.10.egg-info' (and everything under it)
[1.374s] Copying build/spacehabsim/spacehabsim.egg-info to /home/tammer/pyrobosim_ws/src/spacehabsim/install/spacehabsim/lib/python3.10/site-packages/spacehabsim-0.0.0-py3.10.egg-info
[1.375s] running install_scripts
[1.400s] Installing spacedemo script to /home/tammer/pyrobosim_ws/src/spacehabsim/install/spacehabsim/lib/spacehabsim
[1.400s] writing list of installed files to '/home/tammer/pyrobosim_ws/src/spacehabsim/build/spacehabsim/install.log'
[1.434s] Invoked command in '/home/tammer/pyrobosim_ws/src/spacehabsim' returned '0': PYTHONPATH=/home/tammer/pyrobosim_ws/src/spacehabsim/build/spacehabsim/prefix_override:/home/tammer/pyrobosim_ws/src/spacehabsim/install/spacehabsim/lib/python3.10/site-packages:${PYTHONPATH} /usr/bin/python3 -W ignore:setup.py install is deprecated setup.py egg_info --egg-base build/spacehabsim build --build-base /home/tammer/pyrobosim_ws/src/spacehabsim/build/spacehabsim/build install --record /home/tammer/pyrobosim_ws/src/spacehabsim/build/spacehabsim/install.log --single-version-externally-managed install_data
