running egg_info
creating build/spacehabsim/spacehabsim.egg-info
writing build/spacehabsim/spacehabsim.egg-info/PKG-INFO
writing dependency_links to build/spacehabsim/spacehabsim.egg-info/dependency_links.txt
writing entry points to build/spacehabsim/spacehabsim.egg-info/entry_points.txt
writing requirements to build/spacehabsim/spacehabsim.egg-info/requires.txt
writing top-level names to build/spacehabsim/spacehabsim.egg-info/top_level.txt
writing manifest file 'build/spacehabsim/spacehabsim.egg-info/SOURCES.txt'
reading manifest file 'build/spacehabsim/spacehabsim.egg-info/SOURCES.txt'
adding license file 'LICENSE'
writing manifest file 'build/spacehabsim/spacehabsim.egg-info/SOURCES.txt'
running build
running build_py
creating /home/tammer/pyrobosim_ws/src/spacehabsim/build/spacehabsim/build
creating /home/tammer/pyrobosim_ws/src/spacehabsim/build/spacehabsim/build/lib
creating /home/tammer/pyrobosim_ws/src/spacehabsim/build/spacehabsim/build/lib/spacehabsim
copying spacehabsim/__init__.py -> /home/tammer/pyrobosim_ws/src/spacehabsim/build/spacehabsim/build/lib/spacehabsim
copying spacehabsim/spacehab.py -> /home/tammer/pyrobosim_ws/src/spacehabsim/build/spacehabsim/build/lib/spacehabsim
creating /home/tammer/pyrobosim_ws/src/spacehabsim/build/spacehabsim/build/lib/spacehabsim/gui
copying spacehabsim/gui/space_gui.py -> /home/tammer/pyrobosim_ws/src/spacehabsim/build/spacehabsim/build/lib/spacehabsim/gui
copying spacehabsim/gui/__init__.py -> /home/tammer/pyrobosim_ws/src/spacehabsim/build/spacehabsim/build/lib/spacehabsim/gui
running install
running install_lib
creating /home/tammer/pyrobosim_ws/src/spacehabsim/install/spacehabsim/lib/python3.10/site-packages/spacehabsim
copying /home/tammer/pyrobosim_ws/src/spacehabsim/build/spacehabsim/build/lib/spacehabsim/__init__.py -> /home/tammer/pyrobosim_ws/src/spacehabsim/install/spacehabsim/lib/python3.10/site-packages/spacehabsim
copying /home/tammer/pyrobosim_ws/src/spacehabsim/build/spacehabsim/build/lib/spacehabsim/spacehab.py -> /home/tammer/pyrobosim_ws/src/spacehabsim/install/spacehabsim/lib/python3.10/site-packages/spacehabsim
creating /home/tammer/pyrobosim_ws/src/spacehabsim/install/spacehabsim/lib/python3.10/site-packages/spacehabsim/gui
copying /home/tammer/pyrobosim_ws/src/spacehabsim/build/spacehabsim/build/lib/spacehabsim/gui/space_gui.py -> /home/tammer/pyrobosim_ws/src/spacehabsim/install/spacehabsim/lib/python3.10/site-packages/spacehabsim/gui
copying /home/tammer/pyrobosim_ws/src/spacehabsim/build/spacehabsim/build/lib/spacehabsim/gui/__init__.py -> /home/tammer/pyrobosim_ws/src/spacehabsim/install/spacehabsim/lib/python3.10/site-packages/spacehabsim/gui
byte-compiling /home/tammer/pyrobosim_ws/src/spacehabsim/install/spacehabsim/lib/python3.10/site-packages/spacehabsim/__init__.py to __init__.cpython-310.pyc
byte-compiling /home/tammer/pyrobosim_ws/src/spacehabsim/install/spacehabsim/lib/python3.10/site-packages/spacehabsim/spacehab.py to spacehab.cpython-310.pyc
byte-compiling /home/tammer/pyrobosim_ws/src/spacehabsim/install/spacehabsim/lib/python3.10/site-packages/spacehabsim/gui/space_gui.py to space_gui.cpython-310.pyc
byte-compiling /home/tammer/pyrobosim_ws/src/spacehabsim/install/spacehabsim/lib/python3.10/site-packages/spacehabsim/gui/__init__.py to __init__.cpython-310.pyc
running install_data
creating /home/tammer/pyrobosim_ws/src/spacehabsim/install/spacehabsim/share/ament_index
creating /home/tammer/pyrobosim_ws/src/spacehabsim/install/spacehabsim/share/ament_index/resource_index
creating /home/tammer/pyrobosim_ws/src/spacehabsim/install/spacehabsim/share/ament_index/resource_index/packages
copying resource/spacehabsim -> /home/tammer/pyrobosim_ws/src/spacehabsim/install/spacehabsim/share/ament_index/resource_index/packages
copying package.xml -> /home/tammer/pyrobosim_ws/src/spacehabsim/install/spacehabsim/share/spacehabsim
creating /home/tammer/pyrobosim_ws/src/spacehabsim/install/spacehabsim/share/spacehabsim/data
copying data/object_data.yaml -> /home/tammer/pyrobosim_ws/src/spacehabsim/install/spacehabsim/share/spacehabsim/data
copying data/location_data.yaml -> /home/tammer/pyrobosim_ws/src/spacehabsim/install/spacehabsim/share/spacehabsim/data
running install_egg_info
Copying build/spacehabsim/spacehabsim.egg-info to /home/tammer/pyrobosim_ws/src/spacehabsim/install/spacehabsim/lib/python3.10/site-packages/spacehabsim-0.0.0-py3.10.egg-info
running install_scripts
Installing spacedemo script to /home/tammer/pyrobosim_ws/src/spacehabsim/install/spacehabsim/lib/spacehabsim
writing list of installed files to '/home/tammer/pyrobosim_ws/src/spacehabsim/build/spacehabsim/install.log'
