[1.062s] Invoking command in '/home/tammer/pyrobosim_ws/src/spacehabsim': PYTHONPATH=/home/tammer/pyrobosim_ws/src/spacehabsim/build/spacehabsim/prefix_override:/home/tammer/pyrobosim_ws/src/spacehabsim/install/spacehabsim/lib/python3.10/site-packages:${PYTHONPATH} /usr/bin/python3 -W ignore:setup.py install is deprecated setup.py egg_info --egg-base build/spacehabsim build --build-base /home/tammer/pyrobosim_ws/src/spacehabsim/build/spacehabsim/build install --record /home/tammer/pyrobosim_ws/src/spacehabsim/build/spacehabsim/install.log --single-version-externally-managed install_data
[1.494s] running egg_info
[1.494s] creating build/spacehabsim/spacehabsim.egg-info
[1.495s] writing build/spacehabsim/spacehabsim.egg-info/PKG-INFO
[1.495s] writing dependency_links to build/spacehabsim/spacehabsim.egg-info/dependency_links.txt
[1.495s] writing entry points to build/spacehabsim/spacehabsim.egg-info/entry_points.txt
[1.495s] writing requirements to build/spacehabsim/spacehabsim.egg-info/requires.txt
[1.495s] writing top-level names to build/spacehabsim/spacehabsim.egg-info/top_level.txt
[1.496s] writing manifest file 'build/spacehabsim/spacehabsim.egg-info/SOURCES.txt'
[1.498s] reading manifest file 'build/spacehabsim/spacehabsim.egg-info/SOURCES.txt'
[1.498s] adding license file 'LICENSE'
[1.499s] writing manifest file 'build/spacehabsim/spacehabsim.egg-info/SOURCES.txt'
[1.499s] running build
[1.500s] running build_py
[1.500s] creating /home/tammer/pyrobosim_ws/src/spacehabsim/build/spacehabsim/build
[1.500s] creating /home/tammer/pyrobosim_ws/src/spacehabsim/build/spacehabsim/build/lib
[1.500s] creating /home/tammer/pyrobosim_ws/src/spacehabsim/build/spacehabsim/build/lib/spacehabsim
[1.500s] copying spacehabsim/__init__.py -> /home/tammer/pyrobosim_ws/src/spacehabsim/build/spacehabsim/build/lib/spacehabsim
[1.500s] copying spacehabsim/spacehab.py -> /home/tammer/pyrobosim_ws/src/spacehabsim/build/spacehabsim/build/lib/spacehabsim
[1.507s] creating /home/tammer/pyrobosim_ws/src/spacehabsim/build/spacehabsim/build/lib/spacehabsim/gui
[1.507s] copying spacehabsim/gui/space_gui.py -> /home/tammer/pyrobosim_ws/src/spacehabsim/build/spacehabsim/build/lib/spacehabsim/gui
[1.507s] copying spacehabsim/gui/__init__.py -> /home/tammer/pyrobosim_ws/src/spacehabsim/build/spacehabsim/build/lib/spacehabsim/gui
[1.508s] running install
[1.508s] running install_lib
[1.509s] creating /home/tammer/pyrobosim_ws/src/spacehabsim/install/spacehabsim/lib/python3.10/site-packages/spacehabsim
[1.510s] copying /home/tammer/pyrobosim_ws/src/spacehabsim/build/spacehabsim/build/lib/spacehabsim/__init__.py -> /home/tammer/pyrobosim_ws/src/spacehabsim/install/spacehabsim/lib/python3.10/site-packages/spacehabsim
[1.510s] copying /home/tammer/pyrobosim_ws/src/spacehabsim/build/spacehabsim/build/lib/spacehabsim/spacehab.py -> /home/tammer/pyrobosim_ws/src/spacehabsim/install/spacehabsim/lib/python3.10/site-packages/spacehabsim
[1.510s] creating /home/tammer/pyrobosim_ws/src/spacehabsim/install/spacehabsim/lib/python3.10/site-packages/spacehabsim/gui
[1.510s] copying /home/tammer/pyrobosim_ws/src/spacehabsim/build/spacehabsim/build/lib/spacehabsim/gui/space_gui.py -> /home/tammer/pyrobosim_ws/src/spacehabsim/install/spacehabsim/lib/python3.10/site-packages/spacehabsim/gui
[1.510s] copying /home/tammer/pyrobosim_ws/src/spacehabsim/build/spacehabsim/build/lib/spacehabsim/gui/__init__.py -> /home/tammer/pyrobosim_ws/src/spacehabsim/install/spacehabsim/lib/python3.10/site-packages/spacehabsim/gui
[1.511s] byte-compiling /home/tammer/pyrobosim_ws/src/spacehabsim/install/spacehabsim/lib/python3.10/site-packages/spacehabsim/__init__.py to __init__.cpython-310.pyc
[1.511s] byte-compiling /home/tammer/pyrobosim_ws/src/spacehabsim/install/spacehabsim/lib/python3.10/site-packages/spacehabsim/spacehab.py to spacehab.cpython-310.pyc
[1.514s] byte-compiling /home/tammer/pyrobosim_ws/src/spacehabsim/install/spacehabsim/lib/python3.10/site-packages/spacehabsim/gui/space_gui.py to space_gui.cpython-310.pyc
[1.514s] byte-compiling /home/tammer/pyrobosim_ws/src/spacehabsim/install/spacehabsim/lib/python3.10/site-packages/spacehabsim/gui/__init__.py to __init__.cpython-310.pyc
[1.515s] running install_data
[1.515s] creating /home/tammer/pyrobosim_ws/src/spacehabsim/install/spacehabsim/share/ament_index
[1.515s] creating /home/tammer/pyrobosim_ws/src/spacehabsim/install/spacehabsim/share/ament_index/resource_index
[1.515s] creating /home/tammer/pyrobosim_ws/src/spacehabsim/install/spacehabsim/share/ament_index/resource_index/packages
[1.516s] copying resource/spacehabsim -> /home/tammer/pyrobosim_ws/src/spacehabsim/install/spacehabsim/share/ament_index/resource_index/packages
[1.516s] copying package.xml -> /home/tammer/pyrobosim_ws/src/spacehabsim/install/spacehabsim/share/spacehabsim
[1.516s] creating /home/tammer/pyrobosim_ws/src/spacehabsim/install/spacehabsim/share/spacehabsim/data
[1.516s] copying data/object_data.yaml -> /home/tammer/pyrobosim_ws/src/spacehabsim/install/spacehabsim/share/spacehabsim/data
[1.516s] copying data/location_data.yaml -> /home/tammer/pyrobosim_ws/src/spacehabsim/install/spacehabsim/share/spacehabsim/data
[1.516s] running install_egg_info
[1.519s] Copying build/spacehabsim/spacehabsim.egg-info to /home/tammer/pyrobosim_ws/src/spacehabsim/install/spacehabsim/lib/python3.10/site-packages/spacehabsim-0.0.0-py3.10.egg-info
[1.520s] running install_scripts
[1.550s] Installing spacedemo script to /home/tammer/pyrobosim_ws/src/spacehabsim/install/spacehabsim/lib/spacehabsim
[1.551s] writing list of installed files to '/home/tammer/pyrobosim_ws/src/spacehabsim/build/spacehabsim/install.log'
[1.575s] Invoked command in '/home/tammer/pyrobosim_ws/src/spacehabsim' returned '0': PYTHONPATH=/home/tammer/pyrobosim_ws/src/spacehabsim/build/spacehabsim/prefix_override:/home/tammer/pyrobosim_ws/src/spacehabsim/install/spacehabsim/lib/python3.10/site-packages:${PYTHONPATH} /usr/bin/python3 -W ignore:setup.py install is deprecated setup.py egg_info --egg-base build/spacehabsim build --build-base /home/tammer/pyrobosim_ws/src/spacehabsim/build/spacehabsim/build install --record /home/tammer/pyrobosim_ws/src/spacehabsim/build/spacehabsim/install.log --single-version-externally-managed install_data
