/home/tammer/pyrobosim_ws/src/spacehabsim/install/spacehabsim/lib/python3.10/site-packages/spacehabsim/__init__.py
/home/tammer/pyrobosim_ws/src/spacehabsim/install/spacehabsim/lib/python3.10/site-packages/spacehabsim/spacehab.py
/home/tammer/pyrobosim_ws/src/spacehabsim/install/spacehabsim/lib/python3.10/site-packages/spacehabsim/gui/space_gui.py
/home/tammer/pyrobosim_ws/src/spacehabsim/install/spacehabsim/lib/python3.10/site-packages/spacehabsim/gui/__init__.py
/home/tammer/pyrobosim_ws/src/spacehabsim/install/spacehabsim/lib/python3.10/site-packages/spacehabsim/__pycache__/__init__.cpython-310.pyc
/home/tammer/pyrobosim_ws/src/spacehabsim/install/spacehabsim/lib/python3.10/site-packages/spacehabsim/__pycache__/spacehab.cpython-310.pyc
/home/tammer/pyrobosim_ws/src/spacehabsim/install/spacehabsim/lib/python3.10/site-packages/spacehabsim/gui/__pycache__/space_gui.cpython-310.pyc
/home/tammer/pyrobosim_ws/src/spacehabsim/install/spacehabsim/lib/python3.10/site-packages/spacehabsim/gui/__pycache__/__init__.cpython-310.pyc
/home/tammer/pyrobosim_ws/src/spacehabsim/install/spacehabsim/share/ament_index/resource_index/packages/spacehabsim
/home/tammer/pyrobosim_ws/src/spacehabsim/install/spacehabsim/share/spacehabsim/package.xml
/home/tammer/pyrobosim_ws/src/spacehabsim/install/spacehabsim/share/spacehabsim/data/object_data.yaml
/home/tammer/pyrobosim_ws/src/spacehabsim/install/spacehabsim/share/spacehabsim/data/location_data.yaml
/home/tammer/pyrobosim_ws/src/spacehabsim/install/spacehabsim/lib/python3.10/site-packages/spacehabsim-0.0.0-py3.10.egg-info/top_level.txt
/home/tammer/pyrobosim_ws/src/spacehabsim/install/spacehabsim/lib/python3.10/site-packages/spacehabsim-0.0.0-py3.10.egg-info/SOURCES.txt
/home/tammer/pyrobosim_ws/src/spacehabsim/install/spacehabsim/lib/python3.10/site-packages/spacehabsim-0.0.0-py3.10.egg-info/dependency_links.txt
/home/tammer/pyrobosim_ws/src/spacehabsim/install/spacehabsim/lib/python3.10/site-packages/spacehabsim-0.0.0-py3.10.egg-info/requires.txt
/home/tammer/pyrobosim_ws/src/spacehabsim/install/spacehabsim/lib/python3.10/site-packages/spacehabsim-0.0.0-py3.10.egg-info/PKG-INFO
/home/tammer/pyrobosim_ws/src/spacehabsim/install/spacehabsim/lib/python3.10/site-packages/spacehabsim-0.0.0-py3.10.egg-info/entry_points.txt
/home/tammer/pyrobosim_ws/src/spacehabsim/install/spacehabsim/lib/python3.10/site-packages/spacehabsim-0.0.0-py3.10.egg-info/zip-safe
/home/tammer/pyrobosim_ws/src/spacehabsim/install/spacehabsim/lib/spacehabsim/spacedemo
